<?xml version="1.0" encoding="UTF-8" ?>
<testsuite tests="8" failures="0" name="com.itheima.MybatisTest" time="0.25" errors="0" skipped="0">
  <properties>
[...]
</properties>
  <testcase classname="com.itheima.MybatisTest" name="test1" time="0.031"/>
  <testcase classname="com.itheima.MybatisTest" name="test2" time="0.031"/>
  <testcase classname="com.itheima.MybatisTest" name="test3" time="0.016"/>
  <testcase classname="com.itheima.MybatisTest" name="test4" time="0.031"/>
  <testcase classname="com.itheima.MybatisTest" name="test5" time="0.016"/>
  <testcase classname="com.itheima.MybatisTest" name="test6" time="0.078"/>
  <testcase classname="com.itheima.MybatisTest" name="test7" time="0.015"/>
  <testcase classname="com.itheima.MybatisTest" name="test8" time="0.032"/>
</testsuite>